Starting package analysis - Sun Jan 19 10:07:09 PM EST 2025
Updating package info for atinout...
Updated atinout to version 0.9.1 with MD5: 444eb87488bad1927b6ed069dedf7393 and size: 4323
Updating package info for luci-app-atinout-mod...
Updated luci-app-atinout-mod to version 1.3.4-20250119 with MD5: 1ffee9ec8fe5723b8140bf2c21fea508 and size: 4864
Updating package info for luci-app-tailscale...
Updated luci-app-tailscale to version 1.2.3-2 with MD5: 53c84c947c42d7518aecb4a6b8a9c5a8 and size: 6501
Updating package info for ookla-speedtest...
Updated ookla-speedtest to version 1.2.0 with MD5: b26e1909599f73cab40ea0281c5a6283 and size: 1075696
Updating package info for sdxpinn-console-menu...
Updated sdxpinn-console-menu to version 0.0.2 with MD5: de75d2889510e92b57fc8a7ca087ced4 and size: 7361
Updating package info for sdxpinn-mount-fix...
Updated sdxpinn-mount-fix to version 1.2.0 with MD5: e360d66f6d04d8d6a50a78f038130059 and size: 54956
Updating package info for sdxpinn-quecmanager...
Updated sdxpinn-quecmanager to version 1.0.1 with MD5: cb96c5ec96c2166f39d989f277ebc0f7 and size: 722109
Updating package info for sdxpinn-quecmanager-beta...
Updated sdxpinn-quecmanager-beta to version 1.1.1-1 with MD5: b9665be3c0bc65ac1573998cf3edf691 and size: 911550
Updating package info for sms-tool...
Updated sms-tool to version 2025.1.19-APmod-iamromulan with MD5: 83dc8bfd2d4ac8d8952a2a95b2be943f and size: 13687
Updating package info for socat-at-bridge...
Updated socat-at-bridge to version 1.1.1 with MD5: 5cb6a39cd32f8c3d24a2e3f437dc9885 and size: 1802
Updating package info for tailscale...
Updated tailscale to version 1.78.1-1 with MD5: 114df37e2cf646e984d3599aa750f1b1 and size: 9883456
Updating package info for tailscaled...
Updated tailscaled to version 1.78.1-4 with MD5: 647b4d3c6e51f700dd96362f92f20b54 and size: 17960998
Package file and signature updated successfully.
Package analysis completed - Sun Jan 19 10:07:10 PM EST 2025
